<?xml version="1.0" encoding="UTF-8"?>
<!-- Generated by org.testng.reporters.JUnitReportReporter -->
<testsuite hostname="Yunus" failures="0" tests="1" name="week2.day2.CreateLead" time="10.755" errors="0" timestamp="2021-11-11T21:45:22 IST" skipped="0">
  <testcase classname="week2.day2.CreateLead" name="runLead" time="10.755"/>
</testsuite> <!-- week2.day2.CreateLead -->
